[debug] [2025-02-05T17:35:38.528Z] ----------------------------------------------------------------------
[debug] [2025-02-05T17:35:38.529Z] Command:       /Users/reeceharding/.nvm/versions/node/v23.7.0/bin/node /Users/reeceharding/.nvm/versions/node/v23.7.0/bin/firebase init storage
[debug] [2025-02-05T17:35:38.530Z] CLI Version:   13.29.3
[debug] [2025-02-05T17:35:38.530Z] Platform:      darwin
[debug] [2025-02-05T17:35:38.530Z] Node Version:  v23.7.0
[debug] [2025-02-05T17:35:38.530Z] Time:          Wed Feb 05 2025 11:35:38 GMT-0600 (Central Standard Time)
[debug] [2025-02-05T17:35:38.530Z] ----------------------------------------------------------------------
[debug] 
[debug] [2025-02-05T17:35:38.592Z] > command requires scopes: ["email","openid","https://www.googleapis.com/auth/cloudplatformprojects.readonly","https://www.googleapis.com/auth/firebase","https://www.googleapis.com/auth/cloud-platform"]
[debug] [2025-02-05T17:35:38.593Z] > authorizing via signed-in user (reeceharding@gmail.com)
[info] 
     ######## #### ########  ######## ########     ###     ######  ########
     ##        ##  ##     ## ##       ##     ##  ##   ##  ##       ##
     ######    ##  ########  ######   ########  #########  ######  ######
     ##        ##  ##    ##  ##       ##     ## ##     ##       ## ##
     ##       #### ##     ## ######## ########  ##     ##  ######  ########

You're about to initialize a Firebase project in this directory:

  /Users/reeceharding/New-AI

Before we get started, keep in mind:

  * You are initializing within an existing Firebase project directory

[info] 
=== Project Setup
[info] 
[info] First, let's associate this project directory with a Firebase project.
[info] You can create multiple project aliases by running firebase use --add, 
[info] but for now we'll just set up a default project.
[info] 
[debug] [2025-02-05T17:35:38.594Z] Using project from CLI flag: tiktok-ca054
[debug] [2025-02-05T17:35:38.594Z] Checked if tokens are valid: false, expires at: 1738740913148
[debug] [2025-02-05T17:35:38.594Z] Checked if tokens are valid: false, expires at: 1738740913148
[debug] [2025-02-05T17:35:38.594Z] > refreshing access token with scopes: []
[debug] [2025-02-05T17:35:38.595Z] >>> [apiv2][query] POST https://www.googleapis.com/oauth2/v3/token [none]
[debug] [2025-02-05T17:35:38.595Z] >>> [apiv2][body] POST https://www.googleapis.com/oauth2/v3/token [omitted]
[debug] [2025-02-05T17:35:38.863Z] <<< [apiv2][status] POST https://www.googleapis.com/oauth2/v3/token 200
[debug] [2025-02-05T17:35:38.864Z] <<< [apiv2][body] POST https://www.googleapis.com/oauth2/v3/token [omitted]
[debug] [2025-02-05T17:35:38.880Z] >>> [apiv2][query] GET https://firebase.googleapis.com/v1beta1/projects/tiktok-ca054 [none]
[debug] [2025-02-05T17:35:39.351Z] <<< [apiv2][status] GET https://firebase.googleapis.com/v1beta1/projects/tiktok-ca054 200
[debug] [2025-02-05T17:35:39.352Z] <<< [apiv2][body] GET https://firebase.googleapis.com/v1beta1/projects/tiktok-ca054 {"projectId":"tiktok-ca054","projectNumber":"872379685663","displayName":"TikTok","name":"projects/tiktok-ca054","resources":{"hostingSite":"tiktok-ca054","realtimeDatabaseInstance":"tiktok-ca054-default-rtdb"},"state":"ACTIVE","etag":"1_0c3eb204-dc6c-4376-a657-21116449ab1a"}
[info] i  Using project tiktok-ca054 (TikTok) 
[info] 
=== Storage Setup
[info] 
[info] Firebase Storage Security Rules allow you to define how and when to allow
[info] uploads and downloads. You can keep these rules in your project directory
[info] and publish them with firebase deploy.
[info] 
